  Game.cpp
  LoadMenu.cpp
  main.cpp
  MainLogic.cpp
  MainMenu.cpp
C:\Users\ljw\Desktop\PlaneGame_cpp\Planegame_CPP\MainMenu.cpp(20,55): warning C4244: “参数”: 从“T”转换到“float”，可能丢失数据
          with
          [
              T=unsigned int
          ]
C:\Users\ljw\Desktop\PlaneGame_cpp\Planegame_CPP\MainMenu.cpp(20,38): warning C4244: “参数”: 从“T”转换到“float”，可能丢失数据
          with
          [
              T=unsigned int
          ]
C:\Users\ljw\Desktop\PlaneGame_cpp\Planegame_CPP\MainMenu.cpp(27,54): warning C4244: “参数”: 从“T”转换到“float”，可能丢失数据
          with
          [
              T=unsigned int
          ]
C:\Users\ljw\Desktop\PlaneGame_cpp\Planegame_CPP\MainMenu.cpp(27,37): warning C4244: “参数”: 从“T”转换到“float”，可能丢失数据
          with
          [
              T=unsigned int
          ]
  PauseUI.cpp
  RunningUI.cpp
  UIBase.cpp
  正在生成代码...
  PlaneWar_cpp.vcxproj -> C:\Users\ljw\Desktop\PlaneGame_cpp\Planegame_CPP\x64\Debug\PlaneWar_cpp.exe
